2025-06-04 01:54:58 [info] 🚀 Démarrage de l'application
2025-06-04 01:54:58 [info] Mode: production npm start
2025-06-04 01:54:58 [info] Node: v22.12.0
2025-06-04 01:55:30 [error] Erreur serveur: TypeError: Cannot set property query of #<IncomingMessage> which has only a getter
    at C:\Users\SERVER-GOLD\Documents\IMMO\backend\node_modules\xss-clean\lib\index.js:8:30
    at Layer.handleRequest (C:\Users\SERVER-GOLD\Documents\IMMO\backend\node_modules\router\lib\layer.js:152:17)
    at trimPrefix (C:\Users\SERVER-GOLD\Documents\IMMO\backend\node_modules\router\index.js:342:13)
    at C:\Users\SERVER-GOLD\Documents\IMMO\backend\node_modules\router\index.js:297:9
    at processParams (C:\Users\SERVER-GOLD\Documents\IMMO\backend\node_modules\router\index.js:582:12)
    at next (C:\Users\SERVER-GOLD\Documents\IMMO\backend\node_modules\router\index.js:291:5)
    at internalNext (C:\Users\SERVER-GOLD\Documents\IMMO\backend\node_modules\helmet\index.cjs:531:6)
    at xXssProtectionMiddleware (C:\Users\SERVER-GOLD\Documents\IMMO\backend\node_modules\helmet\index.cjs:311:3)
    at internalNext (C:\Users\SERVER-GOLD\Documents\IMMO\backend\node_modules\helmet\index.cjs:529:6)
    at xPoweredByMiddleware (C:\Users\SERVER-GOLD\Documents\IMMO\backend\node_modules\helmet\index.cjs:304:3)
2025-06-04 02:00:41 [info] 🚀 Démarrage de l'application
2025-06-04 02:00:41 [info] Mode: production npm start
2025-06-04 02:00:41 [info] Node: v22.12.0
2025-06-04 02:01:15 [error] Erreur serveur: TypeError: next is not a function
    at Object.xssClean (C:\Users\SERVER-GOLD\Documents\IMMO\backend\node_modules\xss-clean\lib\index.js:11:5)
    at C:\Users\SERVER-GOLD\Documents\IMMO\backend\app.js:59:34
    at Layer.handleRequest (C:\Users\SERVER-GOLD\Documents\IMMO\backend\node_modules\router\lib\layer.js:152:17)
    at trimPrefix (C:\Users\SERVER-GOLD\Documents\IMMO\backend\node_modules\router\index.js:342:13)
    at C:\Users\SERVER-GOLD\Documents\IMMO\backend\node_modules\router\index.js:297:9
    at processParams (C:\Users\SERVER-GOLD\Documents\IMMO\backend\node_modules\router\index.js:582:12)
    at next (C:\Users\SERVER-GOLD\Documents\IMMO\backend\node_modules\router\index.js:291:5)
    at C:\Users\SERVER-GOLD\Documents\IMMO\backend\node_modules\express-rate-limit\dist\index.cjs:822:7
    at process.processTicksAndRejections (node:internal/process/task_queues:105:5)
    at async C:\Users\SERVER-GOLD\Documents\IMMO\backend\node_modules\express-rate-limit\dist\index.cjs:704:5
2025-06-04 02:01:25 [error] Erreur serveur: TypeError: next is not a function
    at Object.xssClean (C:\Users\SERVER-GOLD\Documents\IMMO\backend\node_modules\xss-clean\lib\index.js:11:5)
    at C:\Users\SERVER-GOLD\Documents\IMMO\backend\app.js:59:34
    at Layer.handleRequest (C:\Users\SERVER-GOLD\Documents\IMMO\backend\node_modules\router\lib\layer.js:152:17)
    at trimPrefix (C:\Users\SERVER-GOLD\Documents\IMMO\backend\node_modules\router\index.js:342:13)
    at C:\Users\SERVER-GOLD\Documents\IMMO\backend\node_modules\router\index.js:297:9
    at processParams (C:\Users\SERVER-GOLD\Documents\IMMO\backend\node_modules\router\index.js:582:12)
    at next (C:\Users\SERVER-GOLD\Documents\IMMO\backend\node_modules\router\index.js:291:5)
    at C:\Users\SERVER-GOLD\Documents\IMMO\backend\node_modules\express-rate-limit\dist\index.cjs:822:7
    at process.processTicksAndRejections (node:internal/process/task_queues:105:5)
    at async C:\Users\SERVER-GOLD\Documents\IMMO\backend\node_modules\express-rate-limit\dist\index.cjs:704:5
2025-06-04 02:03:58 [error] Erreur serveur: TypeError: next is not a function
    at Object.xssClean (C:\Users\SERVER-GOLD\Documents\IMMO\backend\node_modules\xss-clean\lib\index.js:11:5)
    at C:\Users\SERVER-GOLD\Documents\IMMO\backend\app.js:59:34
    at Layer.handleRequest (C:\Users\SERVER-GOLD\Documents\IMMO\backend\node_modules\router\lib\layer.js:152:17)
    at trimPrefix (C:\Users\SERVER-GOLD\Documents\IMMO\backend\node_modules\router\index.js:342:13)
    at C:\Users\SERVER-GOLD\Documents\IMMO\backend\node_modules\router\index.js:297:9
    at processParams (C:\Users\SERVER-GOLD\Documents\IMMO\backend\node_modules\router\index.js:582:12)
    at next (C:\Users\SERVER-GOLD\Documents\IMMO\backend\node_modules\router\index.js:291:5)
    at C:\Users\SERVER-GOLD\Documents\IMMO\backend\node_modules\express-rate-limit\dist\index.cjs:822:7
    at process.processTicksAndRejections (node:internal/process/task_queues:105:5)
    at async C:\Users\SERVER-GOLD\Documents\IMMO\backend\node_modules\express-rate-limit\dist\index.cjs:704:5
2025-06-04 02:19:39 [info] 🚀 Démarrage de l'application
2025-06-04 02:19:39 [info] Mode: production npm start
2025-06-04 02:19:39 [info] Node: v22.12.0
2025-06-04 02:20:09 [info] 🚀 Démarrage de l'application
2025-06-04 02:20:09 [info] Mode: production npm start
2025-06-04 02:20:09 [info] Node: v22.12.0
2025-06-04 02:20:39 [info] 🚀 Démarrage de l'application
2025-06-04 02:20:39 [info] Mode: production npm start
2025-06-04 02:20:39 [info] Node: v22.12.0
2025-06-04 02:26:10 [info] 🚀 Démarrage de l'application
2025-06-04 02:26:10 [info] Mode: production npm start
2025-06-04 02:26:10 [info] Node: v22.12.0
2025-06-04 02:42:22 [info] 🚀 Démarrage de l'application
2025-06-04 02:42:22 [info] Mode: production npm start
2025-06-04 02:42:22 [info] Node: v22.12.0
2025-06-04 02:43:58 [info] 🚀 Démarrage de l'application
2025-06-04 02:43:58 [info] Mode: production npm start
2025-06-04 02:43:58 [info] Node: v22.12.0
2025-06-04 02:44:40 [info] 🚀 Démarrage de l'application
2025-06-04 02:44:40 [info] Mode: development
2025-06-04 02:44:40 [info] Node: v22.12.0
2025-06-04 02:48:56 [info] 🚀 Démarrage de l'application
2025-06-04 02:48:56 [info] Mode: development
2025-06-04 02:48:56 [info] Node: v22.12.0
2025-06-04 02:49:24 [info] 🚀 Démarrage de l'application
2025-06-04 02:49:24 [info] Mode: development
2025-06-04 02:49:24 [info] Node: v22.12.0
2025-06-04 02:50:25 [info] 🚀 Démarrage de l'application
2025-06-04 02:50:25 [info] Mode: development
2025-06-04 02:50:25 [info] Node: v22.12.0
2025-06-04 02:50:40 [info] 🚀 Démarrage de l'application
2025-06-04 02:50:40 [info] Mode: production npm start
2025-06-04 02:50:40 [info] Node: v22.12.0
2025-06-04 02:58:34 [info] 🚀 Démarrage de l'application
2025-06-04 02:58:34 [info] Mode: production npm start
2025-06-04 02:58:34 [info] Node: v22.12.0
2025-06-04 03:00:24 [info] 🚀 Démarrage de l'application
2025-06-04 03:00:24 [info] Mode: production npm start
2025-06-04 03:00:24 [info] Node: v22.12.0
2025-06-04 03:04:02 [info] 🚀 Démarrage de l'application
2025-06-04 03:04:02 [info] Mode: production npm start
2025-06-04 03:04:02 [info] Node: v22.12.0
2025-06-04 03:08:36 [info] 🚀 Démarrage de l'application
2025-06-04 03:08:36 [info] Mode: production npm start
2025-06-04 03:08:36 [info] Node: v22.12.0
2025-06-04 03:14:59 [info] 🚀 Démarrage de l'application
2025-06-04 03:14:59 [info] Mode: development
2025-06-04 03:14:59 [info] Node: v22.12.0
2025-06-04 03:15:40 [info] 🚀 Démarrage de l'application
2025-06-04 03:15:40 [info] Mode: development
2025-06-04 03:15:40 [info] Node: v22.12.0
2025-06-04 03:17:13 [info] 🚀 Démarrage de l'application
2025-06-04 03:17:13 [info] Mode: development
2025-06-04 03:17:13 [info] Node: v22.12.0
2025-06-04 03:17:31 [info] 🚀 Démarrage de l'application
2025-06-04 03:17:31 [info] Mode: development
2025-06-04 03:17:31 [info] Node: v22.12.0
2025-06-04 03:18:04 [info] 🚀 Démarrage de l'application
2025-06-04 03:18:04 [info] Mode: development
2025-06-04 03:18:04 [info] Node: v22.12.0
2025-06-04 03:21:42 [info] 🚀 Démarrage de l'application
2025-06-04 03:21:42 [info] Mode: development
2025-06-04 03:21:42 [info] Node: v22.12.0
2025-06-04 03:29:46 [info] 🚀 Démarrage de l'application
2025-06-04 03:29:46 [info] Mode: development
2025-06-04 03:29:46 [info] Node: v22.12.0
2025-06-04 03:30:15 [info] 🚀 Démarrage de l'application
2025-06-04 03:30:15 [info] Mode: development
2025-06-04 03:30:15 [info] Node: v22.12.0
2025-06-04 03:30:52 [info] 🚀 Démarrage de l'application
2025-06-04 03:30:52 [info] Mode: development
2025-06-04 03:30:52 [info] Node: v22.12.0
2025-06-04 03:38:10 [info] 🚀 Démarrage de l'application
2025-06-04 03:38:10 [info] Mode: development
2025-06-04 03:38:11 [info] Node: v22.12.0
2025-06-04 03:38:36 [info] 🚀 Démarrage de l'application
2025-06-04 03:38:36 [info] Mode: development
2025-06-04 03:38:36 [info] Node: v22.12.0
2025-06-04 03:42:42 [info] 🚀 Démarrage de l'application
2025-06-04 03:42:42 [info] Mode: development
2025-06-04 03:42:42 [info] Node: v22.12.0
2025-06-04 03:42:50 [info] ✅ MongoDB connecté: undefined
2025-06-04 03:42:50 [info] ✅ Server running on http://localhost:5000
2025-06-04 03:42:50 [info] ✅ MongoDB est connecté
2025-06-04 03:42:54 [info] ✅ MongoDB connecté: ac-aeuq0ga-shard-00-01.ojypzvi.mongodb.net
2025-06-04 03:43:44 [warn] Route non trouvée: POST /users/register
2025-06-04 03:50:57 [info] 🚀 Démarrage de l'application
2025-06-04 03:50:57 [info] Mode: development
2025-06-04 03:50:57 [info] Node: v22.12.0
2025-06-04 04:13:00 [info] 🚀 Démarrage de l'application
2025-06-04 04:13:00 [info] Mode: development
2025-06-04 04:13:00 [info] Node: v22.12.0
2025-06-04 04:27:07 [info] 🚀 Démarrage de l'application
2025-06-04 04:27:07 [info] Mode: development
2025-06-04 04:27:07 [info] Node: v22.12.0
2025-06-04 05:04:54 [info] 🚀 Démarrage de l'application
2025-06-04 05:04:54 [info] Mode: development
2025-06-04 05:04:54 [info] Node: v22.12.0
2025-06-04 05:05:07 [error] ❌ Échec de la configuration SMTP: Missing credentials for "PLAIN"
Error: Missing credentials for "PLAIN"
    at SMTPConnection._formatError (C:\Users\SERVER-GOLD\Documents\IMMO\backend\node_modules\nodemailer\lib\smtp-connection\index.js:809:19)
    at SMTPConnection.login (C:\Users\SERVER-GOLD\Documents\IMMO\backend\node_modules\nodemailer\lib\smtp-connection\index.js:454:38)
    at C:\Users\SERVER-GOLD\Documents\IMMO\backend\node_modules\nodemailer\lib\smtp-transport\index.js:375:32
    at SMTPConnection.<anonymous> (C:\Users\SERVER-GOLD\Documents\IMMO\backend\node_modules\nodemailer\lib\smtp-connection\index.js:215:17)
    at Object.onceWrapper (node:events:638:28)
    at SMTPConnection.emit (node:events:524:28)
    at SMTPConnection._actionEHLO (C:\Users\SERVER-GOLD\Documents\IMMO\backend\node_modules\nodemailer\lib\smtp-connection\index.js:1371:14)
    at SMTPConnection._processResponse (C:\Users\SERVER-GOLD\Documents\IMMO\backend\node_modules\nodemailer\lib\smtp-connection\index.js:993:20)
    at SMTPConnection._onData (C:\Users\SERVER-GOLD\Documents\IMMO\backend\node_modules\nodemailer\lib\smtp-connection\index.js:774:14)
    at SMTPConnection._onSocketData (C:\Users\SERVER-GOLD\Documents\IMMO\backend\node_modules\nodemailer\lib\smtp-connection\index.js:195:44)
2025-06-04 05:08:19 [error] ❌ Échec d'envoi d'email
Error: Missing credentials for "PLAIN"
    at SMTPConnection._formatError (C:\Users\SERVER-GOLD\Documents\IMMO\backend\node_modules\nodemailer\lib\smtp-connection\index.js:809:19)
    at SMTPConnection.login (C:\Users\SERVER-GOLD\Documents\IMMO\backend\node_modules\nodemailer\lib\smtp-connection\index.js:454:38)
    at C:\Users\SERVER-GOLD\Documents\IMMO\backend\node_modules\nodemailer\lib\smtp-transport\index.js:272:32
    at SMTPConnection.<anonymous> (C:\Users\SERVER-GOLD\Documents\IMMO\backend\node_modules\nodemailer\lib\smtp-connection\index.js:215:17)
    at Object.onceWrapper (node:events:638:28)
    at SMTPConnection.emit (node:events:524:28)
    at SMTPConnection._actionEHLO (C:\Users\SERVER-GOLD\Documents\IMMO\backend\node_modules\nodemailer\lib\smtp-connection\index.js:1371:14)
    at SMTPConnection._processResponse (C:\Users\SERVER-GOLD\Documents\IMMO\backend\node_modules\nodemailer\lib\smtp-connection\index.js:993:20)
    at SMTPConnection._onData (C:\Users\SERVER-GOLD\Documents\IMMO\backend\node_modules\nodemailer\lib\smtp-connection\index.js:774:14)
    at SMTPConnection._onSocketData (C:\Users\SERVER-GOLD\Documents\IMMO\backend\node_modules\nodemailer\lib\smtp-connection\index.js:195:44)
2025-06-04 05:31:50 [error] ❌ Échec de la configuration SMTP: Missing credentials for "PLAIN"
Error: Missing credentials for "PLAIN"
    at SMTPConnection._formatError (C:\Users\SERVER-GOLD\Documents\IMMO\backend\node_modules\nodemailer\lib\smtp-connection\index.js:809:19)
    at SMTPConnection.login (C:\Users\SERVER-GOLD\Documents\IMMO\backend\node_modules\nodemailer\lib\smtp-connection\index.js:454:38)
    at C:\Users\SERVER-GOLD\Documents\IMMO\backend\node_modules\nodemailer\lib\smtp-transport\index.js:375:32
    at SMTPConnection.<anonymous> (C:\Users\SERVER-GOLD\Documents\IMMO\backend\node_modules\nodemailer\lib\smtp-connection\index.js:215:17)
    at Object.onceWrapper (node:events:638:28)
    at SMTPConnection.emit (node:events:524:28)
    at SMTPConnection._actionEHLO (C:\Users\SERVER-GOLD\Documents\IMMO\backend\node_modules\nodemailer\lib\smtp-connection\index.js:1371:14)
    at SMTPConnection._processResponse (C:\Users\SERVER-GOLD\Documents\IMMO\backend\node_modules\nodemailer\lib\smtp-connection\index.js:993:20)
    at SMTPConnection._onData (C:\Users\SERVER-GOLD\Documents\IMMO\backend\node_modules\nodemailer\lib\smtp-connection\index.js:774:14)
    at SMTPConnection._onSocketData (C:\Users\SERVER-GOLD\Documents\IMMO\backend\node_modules\nodemailer\lib\smtp-connection\index.js:195:44)
2025-06-04 06:00:42 [info] 🚀 Démarrage de l'application
2025-06-04 06:00:42 [info] Mode: development
2025-06-04 06:00:42 [info] Node: v22.12.0
2025-06-04 06:00:52 [error] ❌ Échec de connexion SMTP
Error: Missing credentials for "PLAIN"
    at SMTPConnection._formatError (C:\Users\SERVER-GOLD\Documents\IMMO\backend\node_modules\nodemailer\lib\smtp-connection\index.js:809:19)
    at SMTPConnection.login (C:\Users\SERVER-GOLD\Documents\IMMO\backend\node_modules\nodemailer\lib\smtp-connection\index.js:454:38)
    at C:\Users\SERVER-GOLD\Documents\IMMO\backend\node_modules\nodemailer\lib\smtp-transport\index.js:375:32
    at SMTPConnection.<anonymous> (C:\Users\SERVER-GOLD\Documents\IMMO\backend\node_modules\nodemailer\lib\smtp-connection\index.js:215:17)
    at Object.onceWrapper (node:events:638:28)
    at SMTPConnection.emit (node:events:524:28)
    at SMTPConnection._actionEHLO (C:\Users\SERVER-GOLD\Documents\IMMO\backend\node_modules\nodemailer\lib\smtp-connection\index.js:1371:14)
    at SMTPConnection._processResponse (C:\Users\SERVER-GOLD\Documents\IMMO\backend\node_modules\nodemailer\lib\smtp-connection\index.js:993:20)
    at SMTPConnection._onData (C:\Users\SERVER-GOLD\Documents\IMMO\backend\node_modules\nodemailer\lib\smtp-connection\index.js:774:14)
    at SMTPConnection._onSocketData (C:\Users\SERVER-GOLD\Documents\IMMO\backend\node_modules\nodemailer\lib\smtp-connection\index.js:195:44)
2025-06-04 06:19:01 [info] 🚀 Démarrage de l'application
2025-06-04 06:19:01 [info] Mode: development
2025-06-04 06:19:01 [info] Node: v22.12.0
2025-06-04 06:20:23 [info] 🚀 Démarrage de l'application
2025-06-04 06:20:23 [info] Mode: development
2025-06-04 06:20:23 [info] Node: v22.12.0
2025-06-04 06:39:30 [info] 🚀 Démarrage de l'application
2025-06-04 06:39:30 [info] Mode: development
2025-06-04 06:39:30 [info] Node: v22.12.0
2025-06-04 06:39:38 [info] Connexion SMTP vérifiée avec Brevo
2025-06-04 06:41:00 [info] 🚀 Démarrage de l'application
2025-06-04 06:41:00 [info] Mode: development
2025-06-04 06:41:00 [info] Node: v22.12.0
2025-06-04 06:41:07 [info] Connexion SMTP vérifiée avec Brevo
2025-06-04 06:41:41 [info] 🚀 Démarrage de l'application
2025-06-04 06:41:41 [info] Mode: development
2025-06-04 06:41:41 [info] Node: v22.12.0
2025-06-04 06:41:55 [info] Connexion SMTP vérifiée avec Brevo
2025-06-04 06:50:13 [info] 🚀 Démarrage de l'application
2025-06-04 06:50:13 [info] Mode: development
2025-06-04 06:50:13 [info] Node: v22.12.0
2025-06-04 06:50:22 [info] Connexion SMTP vérifiée
2025-06-04 06:50:42 [info] Demande de réinitialisation pour mayalachristgottlieb@gmail.com
2025-06-04 06:50:43 [warn] Aucun utilisateur trouvé pour mayalachristgottlieb@gmail.com
2025-06-04 06:51:03 [info] Demande de réinitialisation pour mayalachristgottlieb@gmail.com
2025-06-04 06:51:05 [info] Code généré pour mayalachristgottlieb@gmail.com
2025-06-04 06:51:05 [info] Envoi d'email à mayalachristgottlieb@gmail.com
2025-06-04 06:51:09 [info] Email envoyé avec succès
2025-06-04 06:51:09 [info] Email envoyé à mayalachristgottlieb@gmail.com
2025-06-04 06:53:44 [info] Demande de réinitialisation pour mayalachristgottlieb@gmail.com
2025-06-04 06:53:49 [error] Erreur dans requestPasswordReset
MongoServerSelectionError: connection <monitor> to 89.192.9.62:27017 timed out
    at Topology.selectServer (C:\Users\SERVER-GOLD\Documents\IMMO\backend\node_modules\mongodb\lib\sdam\topology.js:321:38)
    at async tryOperation (C:\Users\SERVER-GOLD\Documents\IMMO\backend\node_modules\mongodb\lib\operations\execute_operation.js:145:18)
    at async executeOperation (C:\Users\SERVER-GOLD\Documents\IMMO\backend\node_modules\mongodb\lib\operations\execute_operation.js:75:16)
    at async FindCursor._initialize (C:\Users\SERVER-GOLD\Documents\IMMO\backend\node_modules\mongodb\lib\cursor\find_cursor.js:61:26)
    at async FindCursor.cursorInit (C:\Users\SERVER-GOLD\Documents\IMMO\backend\node_modules\mongodb\lib\cursor\abstract_cursor.js:633:27)
    at async FindCursor.fetchBatch (C:\Users\SERVER-GOLD\Documents\IMMO\backend\node_modules\mongodb\lib\cursor\abstract_cursor.js:667:13)
    at async FindCursor.next (C:\Users\SERVER-GOLD\Documents\IMMO\backend\node_modules\mongodb\lib\cursor\abstract_cursor.js:347:17)
    at async Collection.findOne (C:\Users\SERVER-GOLD\Documents\IMMO\backend\node_modules\mongodb\lib\collection.js:277:21)
    at async model.Query._findOne (C:\Users\SERVER-GOLD\Documents\IMMO\backend\node_modules\mongoose\lib\query.js:2687:15)
    at async model.Query.exec (C:\Users\SERVER-GOLD\Documents\IMMO\backend\node_modules\mongoose\lib\query.js:4604:63)
2025-06-04 07:07:22 [info] Connexion à MongoDB...
2025-06-04 07:07:22 [info] 🚀 Démarrage de l'application
2025-06-04 07:07:22 [info] Mode: development
2025-06-04 07:07:22 [info] Node: v22.12.0
2025-06-04 07:07:33 [info] Connexion SMTP vérifiée
2025-06-04 07:08:02 [info] Demande de réinitialisation pour mayalachristgottlieb@gmail.com
2025-06-04 07:08:03 [info] Code généré pour mayalachristgottlieb@gmail.com
2025-06-04 07:08:03 [info] Envoi d'email à mayalachristgottlieb@gmail.com
2025-06-04 07:08:06 [info] Email envoyé avec succès
2025-06-04 07:08:06 [info] Email envoyé à mayalachristgottlieb@gmail.com
2025-06-04 07:08:08 [info] Demande de réinitialisation pour mayalachristgottlieb@gmail.com
2025-06-04 07:08:09 [info] Code généré pour mayalachristgottlieb@gmail.com
2025-06-04 07:08:09 [info] Envoi d'email à mayalachristgottlieb@gmail.com
2025-06-04 07:08:12 [info] Email envoyé avec succès
2025-06-04 07:08:12 [info] Email envoyé à mayalachristgottlieb@gmail.com
2025-06-04 07:08:17 [info] Demande de réinitialisation pour mayalachristgottlieb@gmail.com
2025-06-04 07:08:19 [info] Code généré pour mayalachristgottlieb@gmail.com
2025-06-04 07:08:19 [info] Envoi d'email à mayalachristgottlieb@gmail.com
2025-06-04 07:08:23 [info] Email envoyé avec succès
2025-06-04 07:08:23 [info] Email envoyé à mayalachristgottlieb@gmail.com
2025-06-04 07:52:11 [info] Reconnecté à MongoDB
2025-06-04 10:01:36 [info] Reconnecté à MongoDB
2025-06-04 10:21:41 [warn] Déconnecté de MongoDB
2025-06-04 10:21:41 [info] Reconnecté à MongoDB
2025-06-04 10:32:16 [info] Connexion à MongoDB...
2025-06-04 10:32:17 [info] 🚀 Démarrage de l'application
2025-06-04 10:32:17 [info] Mode: development
2025-06-04 10:32:17 [info] Node: v22.12.0
2025-06-04 11:26:34 [info] Connexion à MongoDB...
2025-06-04 11:26:34 [info] 🚀 Démarrage de l'application
2025-06-04 11:26:34 [info] Mode: development
2025-06-04 11:26:34 [info] Node: v22.12.0
2025-06-04 11:42:00 [warn] Déconnecté de MongoDB
2025-06-04 11:42:18 [info] Reconnecté à MongoDB
2025-06-04 11:43:06 [info] Connexion à MongoDB...
2025-06-04 11:43:06 [info] 🚀 Démarrage de l'application
2025-06-04 11:43:06 [info] Mode: development
2025-06-04 11:43:06 [info] Node: v22.12.0
2025-06-04 11:46:10 [info] Connexion à MongoDB...
2025-06-04 11:46:10 [info] 🚀 Démarrage de l'application
2025-06-04 11:46:10 [info] Mode: development
2025-06-04 11:46:10 [info] Node: v22.12.0
2025-06-04 12:04:36 [info] Connexion à MongoDB...
2025-06-04 12:04:37 [info] 🚀 Démarrage de l'application
2025-06-04 12:04:37 [info] Mode: development
2025-06-04 12:04:37 [info] Node: v22.12.0
2025-06-04 12:05:32 [info] Connexion à MongoDB...
2025-06-04 12:05:32 [info] 🚀 Démarrage de l'application
2025-06-04 12:05:32 [info] Mode: development
2025-06-04 12:05:32 [info] Node: v22.12.0
2025-06-04 12:09:26 [info] Connexion à MongoDB...
2025-06-04 12:09:26 [info] 🚀 Démarrage de l'application
2025-06-04 12:09:26 [info] Mode: development
2025-06-04 12:09:26 [info] Node: v22.12.0
2025-06-04 12:34:57 [info] Connexion à MongoDB...
2025-06-04 12:34:58 [info] 🚀 Démarrage de l'application
2025-06-04 12:34:58 [info] Mode: development
2025-06-04 12:34:58 [info] Node: v22.12.0
2025-06-04 12:35:07 [warn] Déconnecté de MongoDB
2025-06-04 12:35:17 [info] Connexion à MongoDB...
2025-06-04 12:35:17 [info] 🚀 Démarrage de l'application
2025-06-04 12:35:17 [info] Mode: development
2025-06-04 12:35:17 [info] Node: v22.12.0
2025-06-04 12:39:34 [info] Connexion à MongoDB...
2025-06-04 12:39:34 [info] 🚀 Démarrage de l'application
2025-06-04 12:39:34 [info] Mode: development
2025-06-04 12:39:34 [info] Node: v22.12.0
2025-06-04 12:39:53 [warn] Déconnecté de MongoDB
2025-06-04 12:40:05 [info] Connexion à MongoDB...
2025-06-04 12:40:05 [info] 🚀 Démarrage de l'application
2025-06-04 12:40:05 [info] Mode: development
2025-06-04 12:40:05 [info] Node: v22.12.0
