2025-06-04 01:55:30 [error] Erreur serveur: TypeError: Cannot set property query of #<IncomingMessage> which has only a getter
    at C:\Users\SERVER-GOLD\Documents\IMMO\backend\node_modules\xss-clean\lib\index.js:8:30
    at Layer.handleRequest (C:\Users\SERVER-GOLD\Documents\IMMO\backend\node_modules\router\lib\layer.js:152:17)
    at trimPrefix (C:\Users\SERVER-GOLD\Documents\IMMO\backend\node_modules\router\index.js:342:13)
    at C:\Users\SERVER-GOLD\Documents\IMMO\backend\node_modules\router\index.js:297:9
    at processParams (C:\Users\SERVER-GOLD\Documents\IMMO\backend\node_modules\router\index.js:582:12)
    at next (C:\Users\SERVER-GOLD\Documents\IMMO\backend\node_modules\router\index.js:291:5)
    at internalNext (C:\Users\SERVER-GOLD\Documents\IMMO\backend\node_modules\helmet\index.cjs:531:6)
    at xXssProtectionMiddleware (C:\Users\SERVER-GOLD\Documents\IMMO\backend\node_modules\helmet\index.cjs:311:3)
    at internalNext (C:\Users\SERVER-GOLD\Documents\IMMO\backend\node_modules\helmet\index.cjs:529:6)
    at xPoweredByMiddleware (C:\Users\SERVER-GOLD\Documents\IMMO\backend\node_modules\helmet\index.cjs:304:3)
2025-06-04 02:01:15 [error] Erreur serveur: TypeError: next is not a function
    at Object.xssClean (C:\Users\SERVER-GOLD\Documents\IMMO\backend\node_modules\xss-clean\lib\index.js:11:5)
    at C:\Users\SERVER-GOLD\Documents\IMMO\backend\app.js:59:34
    at Layer.handleRequest (C:\Users\SERVER-GOLD\Documents\IMMO\backend\node_modules\router\lib\layer.js:152:17)
    at trimPrefix (C:\Users\SERVER-GOLD\Documents\IMMO\backend\node_modules\router\index.js:342:13)
    at C:\Users\SERVER-GOLD\Documents\IMMO\backend\node_modules\router\index.js:297:9
    at processParams (C:\Users\SERVER-GOLD\Documents\IMMO\backend\node_modules\router\index.js:582:12)
    at next (C:\Users\SERVER-GOLD\Documents\IMMO\backend\node_modules\router\index.js:291:5)
    at C:\Users\SERVER-GOLD\Documents\IMMO\backend\node_modules\express-rate-limit\dist\index.cjs:822:7
    at process.processTicksAndRejections (node:internal/process/task_queues:105:5)
    at async C:\Users\SERVER-GOLD\Documents\IMMO\backend\node_modules\express-rate-limit\dist\index.cjs:704:5
2025-06-04 02:01:25 [error] Erreur serveur: TypeError: next is not a function
    at Object.xssClean (C:\Users\SERVER-GOLD\Documents\IMMO\backend\node_modules\xss-clean\lib\index.js:11:5)
    at C:\Users\SERVER-GOLD\Documents\IMMO\backend\app.js:59:34
    at Layer.handleRequest (C:\Users\SERVER-GOLD\Documents\IMMO\backend\node_modules\router\lib\layer.js:152:17)
    at trimPrefix (C:\Users\SERVER-GOLD\Documents\IMMO\backend\node_modules\router\index.js:342:13)
    at C:\Users\SERVER-GOLD\Documents\IMMO\backend\node_modules\router\index.js:297:9
    at processParams (C:\Users\SERVER-GOLD\Documents\IMMO\backend\node_modules\router\index.js:582:12)
    at next (C:\Users\SERVER-GOLD\Documents\IMMO\backend\node_modules\router\index.js:291:5)
    at C:\Users\SERVER-GOLD\Documents\IMMO\backend\node_modules\express-rate-limit\dist\index.cjs:822:7
    at process.processTicksAndRejections (node:internal/process/task_queues:105:5)
    at async C:\Users\SERVER-GOLD\Documents\IMMO\backend\node_modules\express-rate-limit\dist\index.cjs:704:5
2025-06-04 02:03:58 [error] Erreur serveur: TypeError: next is not a function
    at Object.xssClean (C:\Users\SERVER-GOLD\Documents\IMMO\backend\node_modules\xss-clean\lib\index.js:11:5)
    at C:\Users\SERVER-GOLD\Documents\IMMO\backend\app.js:59:34
    at Layer.handleRequest (C:\Users\SERVER-GOLD\Documents\IMMO\backend\node_modules\router\lib\layer.js:152:17)
    at trimPrefix (C:\Users\SERVER-GOLD\Documents\IMMO\backend\node_modules\router\index.js:342:13)
    at C:\Users\SERVER-GOLD\Documents\IMMO\backend\node_modules\router\index.js:297:9
    at processParams (C:\Users\SERVER-GOLD\Documents\IMMO\backend\node_modules\router\index.js:582:12)
    at next (C:\Users\SERVER-GOLD\Documents\IMMO\backend\node_modules\router\index.js:291:5)
    at C:\Users\SERVER-GOLD\Documents\IMMO\backend\node_modules\express-rate-limit\dist\index.cjs:822:7
    at process.processTicksAndRejections (node:internal/process/task_queues:105:5)
    at async C:\Users\SERVER-GOLD\Documents\IMMO\backend\node_modules\express-rate-limit\dist\index.cjs:704:5
2025-06-04 05:05:07 [error] ❌ Échec de la configuration SMTP: Missing credentials for "PLAIN"
Error: Missing credentials for "PLAIN"
    at SMTPConnection._formatError (C:\Users\SERVER-GOLD\Documents\IMMO\backend\node_modules\nodemailer\lib\smtp-connection\index.js:809:19)
    at SMTPConnection.login (C:\Users\SERVER-GOLD\Documents\IMMO\backend\node_modules\nodemailer\lib\smtp-connection\index.js:454:38)
    at C:\Users\SERVER-GOLD\Documents\IMMO\backend\node_modules\nodemailer\lib\smtp-transport\index.js:375:32
    at SMTPConnection.<anonymous> (C:\Users\SERVER-GOLD\Documents\IMMO\backend\node_modules\nodemailer\lib\smtp-connection\index.js:215:17)
    at Object.onceWrapper (node:events:638:28)
    at SMTPConnection.emit (node:events:524:28)
    at SMTPConnection._actionEHLO (C:\Users\SERVER-GOLD\Documents\IMMO\backend\node_modules\nodemailer\lib\smtp-connection\index.js:1371:14)
    at SMTPConnection._processResponse (C:\Users\SERVER-GOLD\Documents\IMMO\backend\node_modules\nodemailer\lib\smtp-connection\index.js:993:20)
    at SMTPConnection._onData (C:\Users\SERVER-GOLD\Documents\IMMO\backend\node_modules\nodemailer\lib\smtp-connection\index.js:774:14)
    at SMTPConnection._onSocketData (C:\Users\SERVER-GOLD\Documents\IMMO\backend\node_modules\nodemailer\lib\smtp-connection\index.js:195:44)
2025-06-04 05:08:19 [error] ❌ Échec d'envoi d'email
Error: Missing credentials for "PLAIN"
    at SMTPConnection._formatError (C:\Users\SERVER-GOLD\Documents\IMMO\backend\node_modules\nodemailer\lib\smtp-connection\index.js:809:19)
    at SMTPConnection.login (C:\Users\SERVER-GOLD\Documents\IMMO\backend\node_modules\nodemailer\lib\smtp-connection\index.js:454:38)
    at C:\Users\SERVER-GOLD\Documents\IMMO\backend\node_modules\nodemailer\lib\smtp-transport\index.js:272:32
    at SMTPConnection.<anonymous> (C:\Users\SERVER-GOLD\Documents\IMMO\backend\node_modules\nodemailer\lib\smtp-connection\index.js:215:17)
    at Object.onceWrapper (node:events:638:28)
    at SMTPConnection.emit (node:events:524:28)
    at SMTPConnection._actionEHLO (C:\Users\SERVER-GOLD\Documents\IMMO\backend\node_modules\nodemailer\lib\smtp-connection\index.js:1371:14)
    at SMTPConnection._processResponse (C:\Users\SERVER-GOLD\Documents\IMMO\backend\node_modules\nodemailer\lib\smtp-connection\index.js:993:20)
    at SMTPConnection._onData (C:\Users\SERVER-GOLD\Documents\IMMO\backend\node_modules\nodemailer\lib\smtp-connection\index.js:774:14)
    at SMTPConnection._onSocketData (C:\Users\SERVER-GOLD\Documents\IMMO\backend\node_modules\nodemailer\lib\smtp-connection\index.js:195:44)
2025-06-04 05:31:50 [error] ❌ Échec de la configuration SMTP: Missing credentials for "PLAIN"
Error: Missing credentials for "PLAIN"
    at SMTPConnection._formatError (C:\Users\SERVER-GOLD\Documents\IMMO\backend\node_modules\nodemailer\lib\smtp-connection\index.js:809:19)
    at SMTPConnection.login (C:\Users\SERVER-GOLD\Documents\IMMO\backend\node_modules\nodemailer\lib\smtp-connection\index.js:454:38)
    at C:\Users\SERVER-GOLD\Documents\IMMO\backend\node_modules\nodemailer\lib\smtp-transport\index.js:375:32
    at SMTPConnection.<anonymous> (C:\Users\SERVER-GOLD\Documents\IMMO\backend\node_modules\nodemailer\lib\smtp-connection\index.js:215:17)
    at Object.onceWrapper (node:events:638:28)
    at SMTPConnection.emit (node:events:524:28)
    at SMTPConnection._actionEHLO (C:\Users\SERVER-GOLD\Documents\IMMO\backend\node_modules\nodemailer\lib\smtp-connection\index.js:1371:14)
    at SMTPConnection._processResponse (C:\Users\SERVER-GOLD\Documents\IMMO\backend\node_modules\nodemailer\lib\smtp-connection\index.js:993:20)
    at SMTPConnection._onData (C:\Users\SERVER-GOLD\Documents\IMMO\backend\node_modules\nodemailer\lib\smtp-connection\index.js:774:14)
    at SMTPConnection._onSocketData (C:\Users\SERVER-GOLD\Documents\IMMO\backend\node_modules\nodemailer\lib\smtp-connection\index.js:195:44)
2025-06-04 06:00:52 [error] ❌ Échec de connexion SMTP
Error: Missing credentials for "PLAIN"
    at SMTPConnection._formatError (C:\Users\SERVER-GOLD\Documents\IMMO\backend\node_modules\nodemailer\lib\smtp-connection\index.js:809:19)
    at SMTPConnection.login (C:\Users\SERVER-GOLD\Documents\IMMO\backend\node_modules\nodemailer\lib\smtp-connection\index.js:454:38)
    at C:\Users\SERVER-GOLD\Documents\IMMO\backend\node_modules\nodemailer\lib\smtp-transport\index.js:375:32
    at SMTPConnection.<anonymous> (C:\Users\SERVER-GOLD\Documents\IMMO\backend\node_modules\nodemailer\lib\smtp-connection\index.js:215:17)
    at Object.onceWrapper (node:events:638:28)
    at SMTPConnection.emit (node:events:524:28)
    at SMTPConnection._actionEHLO (C:\Users\SERVER-GOLD\Documents\IMMO\backend\node_modules\nodemailer\lib\smtp-connection\index.js:1371:14)
    at SMTPConnection._processResponse (C:\Users\SERVER-GOLD\Documents\IMMO\backend\node_modules\nodemailer\lib\smtp-connection\index.js:993:20)
    at SMTPConnection._onData (C:\Users\SERVER-GOLD\Documents\IMMO\backend\node_modules\nodemailer\lib\smtp-connection\index.js:774:14)
    at SMTPConnection._onSocketData (C:\Users\SERVER-GOLD\Documents\IMMO\backend\node_modules\nodemailer\lib\smtp-connection\index.js:195:44)
2025-06-04 06:53:49 [error] Erreur dans requestPasswordReset
MongoServerSelectionError: connection <monitor> to 89.192.9.62:27017 timed out
    at Topology.selectServer (C:\Users\SERVER-GOLD\Documents\IMMO\backend\node_modules\mongodb\lib\sdam\topology.js:321:38)
    at async tryOperation (C:\Users\SERVER-GOLD\Documents\IMMO\backend\node_modules\mongodb\lib\operations\execute_operation.js:145:18)
    at async executeOperation (C:\Users\SERVER-GOLD\Documents\IMMO\backend\node_modules\mongodb\lib\operations\execute_operation.js:75:16)
    at async FindCursor._initialize (C:\Users\SERVER-GOLD\Documents\IMMO\backend\node_modules\mongodb\lib\cursor\find_cursor.js:61:26)
    at async FindCursor.cursorInit (C:\Users\SERVER-GOLD\Documents\IMMO\backend\node_modules\mongodb\lib\cursor\abstract_cursor.js:633:27)
    at async FindCursor.fetchBatch (C:\Users\SERVER-GOLD\Documents\IMMO\backend\node_modules\mongodb\lib\cursor\abstract_cursor.js:667:13)
    at async FindCursor.next (C:\Users\SERVER-GOLD\Documents\IMMO\backend\node_modules\mongodb\lib\cursor\abstract_cursor.js:347:17)
    at async Collection.findOne (C:\Users\SERVER-GOLD\Documents\IMMO\backend\node_modules\mongodb\lib\collection.js:277:21)
    at async model.Query._findOne (C:\Users\SERVER-GOLD\Documents\IMMO\backend\node_modules\mongoose\lib\query.js:2687:15)
    at async model.Query.exec (C:\Users\SERVER-GOLD\Documents\IMMO\backend\node_modules\mongoose\lib\query.js:4604:63)
