2025-06-29 04:29:19 [ERROR] Erreur serveur: Error: Origine non autorisée
    at origin (/home/ubuntu/Ophrus-immo/middlewares/security.js:100:18)
    at /home/ubuntu/Ophrus-immo/node_modules/cors/lib/index.js:219:13
    at optionsCallback (/home/ubuntu/Ophrus-immo/node_modules/cors/lib/index.js:199:9)
    at corsMiddleware (/home/ubuntu/Ophrus-immo/node_modules/cors/lib/index.js:204:7)
    at Layer.handleRequest (/home/ubuntu/Ophrus-immo/node_modules/router/lib/layer.js:152:17)
    at trimPrefix (/home/ubuntu/Ophrus-immo/node_modules/router/index.js:342:13)
    at /home/ubuntu/Ophrus-immo/node_modules/router/index.js:297:9
    at processParams (/home/ubuntu/Ophrus-immo/node_modules/router/index.js:582:12)
    at next (/home/ubuntu/Ophrus-immo/node_modules/router/index.js:291:5)
    at internalNext (/home/ubuntu/Ophrus-immo/node_modules/helmet/index.cjs:531:6)
2025-06-29 04:34:10 [ERROR] ValidationError: User validation failed: telephone: Le téléphone est requis
    at Document.invalidate (/home/ubuntu/Ophrus-immo/node_modules/mongoose/lib/document.js:3343:32)
    at /home/ubuntu/Ophrus-immo/node_modules/mongoose/lib/document.js:3104:17
    at /home/ubuntu/Ophrus-immo/node_modules/mongoose/lib/schemaType.js:1407:9
    at process.processTicksAndRejections (node:internal/process/task_queues:85:11)
2025-06-29 04:55:12 [ERROR] ValidationError: User validation failed: telephone: Le téléphone est requis
    at Document.invalidate (/home/ubuntu/Ophrus-immo/node_modules/mongoose/lib/document.js:3343:32)
    at /home/ubuntu/Ophrus-immo/node_modules/mongoose/lib/document.js:3104:17
    at /home/ubuntu/Ophrus-immo/node_modules/mongoose/lib/schemaType.js:1407:9
    at process.processTicksAndRejections (node:internal/process/task_queues:85:11)
2025-06-29 04:55:31 [ERROR] ValidationError: User validation failed: telephone: Le téléphone est requis
    at Document.invalidate (/home/ubuntu/Ophrus-immo/node_modules/mongoose/lib/document.js:3343:32)
    at /home/ubuntu/Ophrus-immo/node_modules/mongoose/lib/document.js:3104:17
    at /home/ubuntu/Ophrus-immo/node_modules/mongoose/lib/schemaType.js:1407:9
    at process.processTicksAndRejections (node:internal/process/task_queues:85:11)
2025-06-29 04:55:42 [ERROR] ValidationError: User validation failed: telephone: Le téléphone est requis
    at Document.invalidate (/home/ubuntu/Ophrus-immo/node_modules/mongoose/lib/document.js:3343:32)
    at /home/ubuntu/Ophrus-immo/node_modules/mongoose/lib/document.js:3104:17
    at /home/ubuntu/Ophrus-immo/node_modules/mongoose/lib/schemaType.js:1407:9
    at process.processTicksAndRejections (node:internal/process/task_queues:85:11)
2025-06-29 04:55:53 [ERROR] ValidationError: User validation failed: telephone: Le téléphone est requis
    at Document.invalidate (/home/ubuntu/Ophrus-immo/node_modules/mongoose/lib/document.js:3343:32)
    at /home/ubuntu/Ophrus-immo/node_modules/mongoose/lib/document.js:3104:17
    at /home/ubuntu/Ophrus-immo/node_modules/mongoose/lib/schemaType.js:1407:9
    at process.processTicksAndRejections (node:internal/process/task_queues:85:11)
2025-06-29 04:56:08 [ERROR] ValidationError: User validation failed: telephone: Le téléphone est requis
    at Document.invalidate (/home/ubuntu/Ophrus-immo/node_modules/mongoose/lib/document.js:3343:32)
    at /home/ubuntu/Ophrus-immo/node_modules/mongoose/lib/document.js:3104:17
    at /home/ubuntu/Ophrus-immo/node_modules/mongoose/lib/schemaType.js:1407:9
    at process.processTicksAndRejections (node:internal/process/task_queues:85:11)
2025-06-29 04:56:16 [ERROR] ValidationError: User validation failed: telephone: Le téléphone est requis
    at Document.invalidate (/home/ubuntu/Ophrus-immo/node_modules/mongoose/lib/document.js:3343:32)
    at /home/ubuntu/Ophrus-immo/node_modules/mongoose/lib/document.js:3104:17
    at /home/ubuntu/Ophrus-immo/node_modules/mongoose/lib/schemaType.js:1407:9
    at process.processTicksAndRejections (node:internal/process/task_queues:85:11)
2025-06-29 04:56:44 [ERROR] ValidationError: User validation failed: telephone: Le téléphone est requis
    at Document.invalidate (/home/ubuntu/Ophrus-immo/node_modules/mongoose/lib/document.js:3343:32)
    at /home/ubuntu/Ophrus-immo/node_modules/mongoose/lib/document.js:3104:17
    at /home/ubuntu/Ophrus-immo/node_modules/mongoose/lib/schemaType.js:1407:9
    at process.processTicksAndRejections (node:internal/process/task_queues:85:11)
2025-06-29 05:17:21 [ERROR] ValidationError: User validation failed: telephone: Le téléphone est requis
    at Document.invalidate (/home/ubuntu/Ophrus-immo/node_modules/mongoose/lib/document.js:3343:32)
    at /home/ubuntu/Ophrus-immo/node_modules/mongoose/lib/document.js:3104:17
    at /home/ubuntu/Ophrus-immo/node_modules/mongoose/lib/schemaType.js:1407:9
    at process.processTicksAndRejections (node:internal/process/task_queues:85:11)
2025-06-29 05:19:23 [ERROR] ValidationError: User validation failed: telephone: Le téléphone est requis
    at Document.invalidate (/home/ubuntu/Ophrus-immo/node_modules/mongoose/lib/document.js:3343:32)
    at /home/ubuntu/Ophrus-immo/node_modules/mongoose/lib/document.js:3104:17
    at /home/ubuntu/Ophrus-immo/node_modules/mongoose/lib/schemaType.js:1407:9
    at process.processTicksAndRejections (node:internal/process/task_queues:85:11)
2025-06-29 05:20:35 [ERROR] ValidationError: User validation failed: telephone: Le téléphone est requis
    at Document.invalidate (/home/ubuntu/Ophrus-immo/node_modules/mongoose/lib/document.js:3343:32)
    at /home/ubuntu/Ophrus-immo/node_modules/mongoose/lib/document.js:3104:17
    at /home/ubuntu/Ophrus-immo/node_modules/mongoose/lib/schemaType.js:1407:9
    at process.processTicksAndRejections (node:internal/process/task_queues:85:11)
2025-06-29 05:20:58 [ERROR] ValidationError: User validation failed: telephone: Le téléphone est requis
    at Document.invalidate (/home/ubuntu/Ophrus-immo/node_modules/mongoose/lib/document.js:3343:32)
    at /home/ubuntu/Ophrus-immo/node_modules/mongoose/lib/document.js:3104:17
    at /home/ubuntu/Ophrus-immo/node_modules/mongoose/lib/schemaType.js:1407:9
    at process.processTicksAndRejections (node:internal/process/task_queues:85:11)
2025-06-29 05:37:03 [ERROR] ValidationError: User validation failed: telephone: Le téléphone est requis
    at Document.invalidate (/home/ubuntu/Ophrus-immo/node_modules/mongoose/lib/document.js:3343:32)
    at /home/ubuntu/Ophrus-immo/node_modules/mongoose/lib/document.js:3104:17
    at /home/ubuntu/Ophrus-immo/node_modules/mongoose/lib/schemaType.js:1407:9
    at process.processTicksAndRejections (node:internal/process/task_queues:85:11)
2025-06-29 05:40:07 [ERROR] ValidationError: User validation failed: telephone: Le téléphone est requis
    at Document.invalidate (/home/ubuntu/Ophrus-immo/node_modules/mongoose/lib/document.js:3343:32)
    at /home/ubuntu/Ophrus-immo/node_modules/mongoose/lib/document.js:3104:17
    at /home/ubuntu/Ophrus-immo/node_modules/mongoose/lib/schemaType.js:1407:9
    at process.processTicksAndRejections (node:internal/process/task_queues:85:11)
2025-06-29 05:40:58 [ERROR] ValidationError: User validation failed: telephone: Le téléphone est requis
    at Document.invalidate (/home/ubuntu/Ophrus-immo/node_modules/mongoose/lib/document.js:3343:32)
    at /home/ubuntu/Ophrus-immo/node_modules/mongoose/lib/document.js:3104:17
    at /home/ubuntu/Ophrus-immo/node_modules/mongoose/lib/schemaType.js:1407:9
    at process.processTicksAndRejections (node:internal/process/task_queues:85:11)
2025-06-29 11:30:31 [ERROR] Error: write EIO
    at afterWriteDispatched (node:internal/stream_base_commons:159:15)
    at writeGeneric (node:internal/stream_base_commons:150:3)
    at Socket._writeGeneric (node:net:971:11)
    at Socket._write (node:net:983:8)
    at writeOrBuffer (node:internal/streams/writable:572:12)
    at _write (node:internal/streams/writable:501:10)
    at Writable.write (node:internal/streams/writable:510:10)
    at Console.log (/home/ubuntu/Ophrus-immo/node_modules/winston/lib/winston/transports/console.js:87:23)
    at Console._write (/home/ubuntu/Ophrus-immo/node_modules/winston-transport/modern.js:103:17)
    at doWrite (/home/ubuntu/Ophrus-immo/node_modules/readable-stream/lib/_stream_writable.js:390:139)
2025-06-29 11:30:31 [ERROR] Error: write EIO
    at afterWriteDispatched (node:internal/stream_base_commons:159:15)
    at writeGeneric (node:internal/stream_base_commons:150:3)
    at Socket._writeGeneric (node:net:971:11)
    at Socket._write (node:net:983:8)
    at writeOrBuffer (node:internal/streams/writable:572:12)
    at _write (node:internal/streams/writable:501:10)
    at Writable.write (node:internal/streams/writable:510:10)
    at Console.log (/home/ubuntu/Ophrus-immo/node_modules/winston/lib/winston/transports/console.js:87:23)
    at Console._write (/home/ubuntu/Ophrus-immo/node_modules/winston-transport/modern.js:103:17)
    at doWrite (/home/ubuntu/Ophrus-immo/node_modules/readable-stream/lib/_stream_writable.js:390:139)
2025-06-29 11:30:32 [ERROR] Error: write EIO
    at afterWriteDispatched (node:internal/stream_base_commons:159:15)
    at writeGeneric (node:internal/stream_base_commons:150:3)
    at Socket._writeGeneric (node:net:971:11)
    at Socket._write (node:net:983:8)
    at writeOrBuffer (node:internal/streams/writable:572:12)
    at _write (node:internal/streams/writable:501:10)
    at Writable.write (node:internal/streams/writable:510:10)
    at Console.log (/home/ubuntu/Ophrus-immo/node_modules/winston/lib/winston/transports/console.js:87:23)
    at Console._write (/home/ubuntu/Ophrus-immo/node_modules/winston-transport/modern.js:103:17)
    at doWrite (/home/ubuntu/Ophrus-immo/node_modules/readable-stream/lib/_stream_writable.js:390:139)
2025-06-29 11:30:33 [ERROR] Error: write EIO
    at afterWriteDispatched (node:internal/stream_base_commons:159:15)
    at writeGeneric (node:internal/stream_base_commons:150:3)
    at Socket._writeGeneric (node:net:971:11)
    at Socket._write (node:net:983:8)
    at writeOrBuffer (node:internal/streams/writable:572:12)
    at _write (node:internal/streams/writable:501:10)
    at Writable.write (node:internal/streams/writable:510:10)
    at Console.log (/home/ubuntu/Ophrus-immo/node_modules/winston/lib/winston/transports/console.js:87:23)
    at Console._write (/home/ubuntu/Ophrus-immo/node_modules/winston-transport/modern.js:103:17)
    at doWrite (/home/ubuntu/Ophrus-immo/node_modules/readable-stream/lib/_stream_writable.js:390:139)
2025-06-29 11:30:38 [ERROR] Error: write EIO
    at afterWriteDispatched (node:internal/stream_base_commons:159:15)
    at writeGeneric (node:internal/stream_base_commons:150:3)
    at Socket._writeGeneric (node:net:971:11)
    at Socket._write (node:net:983:8)
    at writeOrBuffer (node:internal/streams/writable:572:12)
    at _write (node:internal/streams/writable:501:10)
    at Writable.write (node:internal/streams/writable:510:10)
    at Console.log (/home/ubuntu/Ophrus-immo/node_modules/winston/lib/winston/transports/console.js:87:23)
    at Console._write (/home/ubuntu/Ophrus-immo/node_modules/winston-transport/modern.js:103:17)
    at doWrite (/home/ubuntu/Ophrus-immo/node_modules/readable-stream/lib/_stream_writable.js:390:139)
2025-06-29 11:30:38 [ERROR] Error: write EIO
    at afterWriteDispatched (node:internal/stream_base_commons:159:15)
    at writeGeneric (node:internal/stream_base_commons:150:3)
    at Socket._writeGeneric (node:net:971:11)
    at Socket._write (node:net:983:8)
    at writeOrBuffer (node:internal/streams/writable:572:12)
    at _write (node:internal/streams/writable:501:10)
    at Writable.write (node:internal/streams/writable:510:10)
    at Console.log (/home/ubuntu/Ophrus-immo/node_modules/winston/lib/winston/transports/console.js:87:23)
    at Console._write (/home/ubuntu/Ophrus-immo/node_modules/winston-transport/modern.js:103:17)
    at doWrite (/home/ubuntu/Ophrus-immo/node_modules/readable-stream/lib/_stream_writable.js:390:139)
