2025-06-29 04:29:19 [ERROR] Error: write EIO
    at afterWriteDispatched (node:internal/stream_base_commons:159:15)
    at writeGeneric (node:internal/stream_base_commons:150:3)
    at Socket._writeGeneric (node:net:971:11)
    at Socket._write (node:net:983:8)
    at writeOrBuffer (node:internal/streams/writable:572:12)
    at _write (node:internal/streams/writable:501:10)
    at Writable.write (node:internal/streams/writable:510:10)
    at Console.log (/home/ubuntu/Ophrus-immo/node_modules/winston/lib/winston/transports/console.js:87:23)
    at Console._write (/home/ubuntu/Ophrus-immo/node_modules/winston-transport/modern.js:103:17)
    at doWrite (/home/ubuntu/Ophrus-immo/node_modules/readable-stream/lib/_stream_writable.js:390:139)
2025-06-29 05:39:37 [ERROR] /home/ubuntu/Ophrus-immo/controllers/userController.js:88
    const { password } = req.body    logger.debug(`Tentative de connexion: ${identifier}`);
                                     ^^^^^^

SyntaxError: Unexpected identifier 'logger'
    at wrapSafe (node:internal/modules/cjs/loader:1512:18)
    at Module._compile (node:internal/modules/cjs/loader:1534:20)
    at Object..js (node:internal/modules/cjs/loader:1699:10)
    at Module.load (node:internal/modules/cjs/loader:1313:32)
    at Function._load (node:internal/modules/cjs/loader:1123:12)
    at TracingChannel.traceSync (node:diagnostics_channel:322:14)
    at wrapModuleLoad (node:internal/modules/cjs/loader:217:24)
    at Module.require (node:internal/modules/cjs/loader:1335:12)
    at require (node:internal/modules/helpers:136:16)
    at Object.<anonymous> (/home/ubuntu/Ophrus-immo/routes/userRoutes.js:13:24)
2025-06-29 05:40:28 [ERROR] /home/ubuntu/Ophrus-immo/controllers/userController.js:88
    const { password } = req.body    logger.debug(`Tentative de connexion: ${identifier}`);
                                     ^^^^^^

SyntaxError: Unexpected identifier 'logger'
    at wrapSafe (node:internal/modules/cjs/loader:1512:18)
    at Module._compile (node:internal/modules/cjs/loader:1534:20)
    at Object..js (node:internal/modules/cjs/loader:1699:10)
    at Module.load (node:internal/modules/cjs/loader:1313:32)
    at Function._load (node:internal/modules/cjs/loader:1123:12)
    at TracingChannel.traceSync (node:diagnostics_channel:322:14)
    at wrapModuleLoad (node:internal/modules/cjs/loader:217:24)
    at Module.require (node:internal/modules/cjs/loader:1335:12)
    at require (node:internal/modules/helpers:136:16)
    at Object.<anonymous> (/home/ubuntu/Ophrus-immo/routes/userRoutes.js:13:24)
2025-06-29 11:04:43 [ERROR] /home/ubuntu/Ophrus-immo/controllers/userController.js:88
    const { password } = req.body    logger.debug(`Tentative de connexion: ${identifier}`);
                                     ^^^^^^

SyntaxError: Unexpected identifier 'logger'
    at wrapSafe (node:internal/modules/cjs/loader:1512:18)
    at Module._compile (node:internal/modules/cjs/loader:1534:20)
    at Object..js (node:internal/modules/cjs/loader:1699:10)
    at Module.load (node:internal/modules/cjs/loader:1313:32)
    at Function._load (node:internal/modules/cjs/loader:1123:12)
    at TracingChannel.traceSync (node:diagnostics_channel:322:14)
    at wrapModuleLoad (node:internal/modules/cjs/loader:217:24)
    at Module.require (node:internal/modules/cjs/loader:1335:12)
    at require (node:internal/modules/helpers:136:16)
    at Object.<anonymous> (/home/ubuntu/Ophrus-immo/routes/userRoutes.js:13:24)
2025-06-29 11:05:49 [ERROR] /home/ubuntu/Ophrus-immo/controllers/userController.js:93
    }).select(\"+password +refreshTokens\"); // Ajout de +refreshTokens
              ^

SyntaxError: Invalid or unexpected token
    at wrapSafe (node:internal/modules/cjs/loader:1512:18)
    at Module._compile (node:internal/modules/cjs/loader:1534:20)
    at Object..js (node:internal/modules/cjs/loader:1699:10)
    at Module.load (node:internal/modules/cjs/loader:1313:32)
    at Function._load (node:internal/modules/cjs/loader:1123:12)
    at TracingChannel.traceSync (node:diagnostics_channel:322:14)
    at wrapModuleLoad (node:internal/modules/cjs/loader:217:24)
    at Module.require (node:internal/modules/cjs/loader:1335:12)
    at require (node:internal/modules/helpers:136:16)
    at Object.<anonymous> (/home/ubuntu/Ophrus-immo/routes/userRoutes.js:13:24)
2025-06-29 11:07:23 [ERROR] /home/ubuntu/Ophrus-immo/controllers/userController.js:93
    }).select(\"+password +refreshTokens\"); // Ajout de +refreshTokens
              ^

SyntaxError: Invalid or unexpected token
    at wrapSafe (node:internal/modules/cjs/loader:1512:18)
    at Module._compile (node:internal/modules/cjs/loader:1534:20)
    at Object..js (node:internal/modules/cjs/loader:1699:10)
    at Module.load (node:internal/modules/cjs/loader:1313:32)
    at Function._load (node:internal/modules/cjs/loader:1123:12)
    at TracingChannel.traceSync (node:diagnostics_channel:322:14)
    at wrapModuleLoad (node:internal/modules/cjs/loader:217:24)
    at Module.require (node:internal/modules/cjs/loader:1335:12)
    at require (node:internal/modules/helpers:136:16)
    at Object.<anonymous> (/home/ubuntu/Ophrus-immo/routes/userRoutes.js:13:24)
2025-06-29 11:08:45 [ERROR] /home/ubuntu/Ophrus-immo/controllers/userController.js:93
    }).select(\"+password +refreshTokens\"); // Ajout de +refreshTokens
              ^

SyntaxError: Invalid or unexpected token
    at wrapSafe (node:internal/modules/cjs/loader:1512:18)
    at Module._compile (node:internal/modules/cjs/loader:1534:20)
    at Object..js (node:internal/modules/cjs/loader:1699:10)
    at Module.load (node:internal/modules/cjs/loader:1313:32)
    at Function._load (node:internal/modules/cjs/loader:1123:12)
    at TracingChannel.traceSync (node:diagnostics_channel:322:14)
    at wrapModuleLoad (node:internal/modules/cjs/loader:217:24)
    at Module.require (node:internal/modules/cjs/loader:1335:12)
    at require (node:internal/modules/helpers:136:16)
    at Object.<anonymous> (/home/ubuntu/Ophrus-immo/routes/userRoutes.js:13:24)
2025-06-29 11:09:53 [ERROR] /home/ubuntu/Ophrus-immo/controllers/userController.js:93
    }).select(\"+password +refreshTokens\"); // Ajout de +refreshTokens
              ^

SyntaxError: Invalid or unexpected token
    at wrapSafe (node:internal/modules/cjs/loader:1512:18)
    at Module._compile (node:internal/modules/cjs/loader:1534:20)
    at Object..js (node:internal/modules/cjs/loader:1699:10)
    at Module.load (node:internal/modules/cjs/loader:1313:32)
    at Function._load (node:internal/modules/cjs/loader:1123:12)
    at TracingChannel.traceSync (node:diagnostics_channel:322:14)
    at wrapModuleLoad (node:internal/modules/cjs/loader:217:24)
    at Module.require (node:internal/modules/cjs/loader:1335:12)
    at require (node:internal/modules/helpers:136:16)
    at Object.<anonymous> (/home/ubuntu/Ophrus-immo/routes/userRoutes.js:13:24)
2025-06-29 11:10:16 [ERROR] /home/ubuntu/Ophrus-immo/controllers/userController.js:94
    }).select(\"+password +refreshTokens\"); // Ajout de +refreshTokens
              ^

SyntaxError: Invalid or unexpected token
    at wrapSafe (node:internal/modules/cjs/loader:1512:18)
    at Module._compile (node:internal/modules/cjs/loader:1534:20)
    at Object..js (node:internal/modules/cjs/loader:1699:10)
    at Module.load (node:internal/modules/cjs/loader:1313:32)
    at Function._load (node:internal/modules/cjs/loader:1123:12)
    at TracingChannel.traceSync (node:diagnostics_channel:322:14)
    at wrapModuleLoad (node:internal/modules/cjs/loader:217:24)
    at Module.require (node:internal/modules/cjs/loader:1335:12)
    at require (node:internal/modules/helpers:136:16)
    at Object.<anonymous> (/home/ubuntu/Ophrus-immo/routes/userRoutes.js:13:24)
2025-06-29 11:11:27 [ERROR] /home/ubuntu/Ophrus-immo/controllers/userController.js:94
    }).select(\"+password +refreshTokens\"); // Ajout de +refreshTokens
              ^

SyntaxError: Invalid or unexpected token
    at wrapSafe (node:internal/modules/cjs/loader:1512:18)
    at Module._compile (node:internal/modules/cjs/loader:1534:20)
    at Object..js (node:internal/modules/cjs/loader:1699:10)
    at Module.load (node:internal/modules/cjs/loader:1313:32)
    at Function._load (node:internal/modules/cjs/loader:1123:12)
    at TracingChannel.traceSync (node:diagnostics_channel:322:14)
    at wrapModuleLoad (node:internal/modules/cjs/loader:217:24)
    at Module.require (node:internal/modules/cjs/loader:1335:12)
    at require (node:internal/modules/helpers:136:16)
    at Object.<anonymous> (/home/ubuntu/Ophrus-immo/routes/userRoutes.js:13:24)
2025-06-29 11:11:43 [ERROR] /home/ubuntu/Ophrus-immo/controllers/userController.js:94
    }).select(\"+password +refreshTokens\"); // Ajout de +refreshTokens
              ^

SyntaxError: Invalid or unexpected token
    at wrapSafe (node:internal/modules/cjs/loader:1512:18)
    at Module._compile (node:internal/modules/cjs/loader:1534:20)
    at Object..js (node:internal/modules/cjs/loader:1699:10)
    at Module.load (node:internal/modules/cjs/loader:1313:32)
    at Function._load (node:internal/modules/cjs/loader:1123:12)
    at TracingChannel.traceSync (node:diagnostics_channel:322:14)
    at wrapModuleLoad (node:internal/modules/cjs/loader:217:24)
    at Module.require (node:internal/modules/cjs/loader:1335:12)
    at require (node:internal/modules/helpers:136:16)
    at Object.<anonymous> (/home/ubuntu/Ophrus-immo/routes/userRoutes.js:13:24)
2025-06-29 11:14:05 [ERROR] /home/ubuntu/Ophrus-immo/controllers/userController.js:94
    }).select(\"+password +refreshTokens\"); // Ajout de +refreshTokens
              ^

SyntaxError: Invalid or unexpected token
    at wrapSafe (node:internal/modules/cjs/loader:1512:18)
    at Module._compile (node:internal/modules/cjs/loader:1534:20)
    at Object..js (node:internal/modules/cjs/loader:1699:10)
    at Module.load (node:internal/modules/cjs/loader:1313:32)
    at Function._load (node:internal/modules/cjs/loader:1123:12)
    at TracingChannel.traceSync (node:diagnostics_channel:322:14)
    at wrapModuleLoad (node:internal/modules/cjs/loader:217:24)
    at Module.require (node:internal/modules/cjs/loader:1335:12)
    at require (node:internal/modules/helpers:136:16)
    at Object.<anonymous> (/home/ubuntu/Ophrus-immo/routes/userRoutes.js:13:24)
2025-06-29 11:15:50 [ERROR] /home/ubuntu/Ophrus-immo/controllers/userController.js:94
    }).select(\"+password +refreshTokens\"); // Ajout de +refreshTokens
              ^

SyntaxError: Invalid or unexpected token
    at wrapSafe (node:internal/modules/cjs/loader:1512:18)
    at Module._compile (node:internal/modules/cjs/loader:1534:20)
    at Object..js (node:internal/modules/cjs/loader:1699:10)
    at Module.load (node:internal/modules/cjs/loader:1313:32)
    at Function._load (node:internal/modules/cjs/loader:1123:12)
    at TracingChannel.traceSync (node:diagnostics_channel:322:14)
    at wrapModuleLoad (node:internal/modules/cjs/loader:217:24)
    at Module.require (node:internal/modules/cjs/loader:1335:12)
    at require (node:internal/modules/helpers:136:16)
    at Object.<anonymous> (/home/ubuntu/Ophrus-immo/routes/userRoutes.js:13:24)
2025-06-29 11:16:47 [ERROR] /home/ubuntu/Ophrus-immo/controllers/userController.js:94
    }).select(\"+password +refreshTokens\"); // Ajout de +refreshTokens
              ^

SyntaxError: Invalid or unexpected token
    at wrapSafe (node:internal/modules/cjs/loader:1512:18)
    at Module._compile (node:internal/modules/cjs/loader:1534:20)
    at Object..js (node:internal/modules/cjs/loader:1699:10)
    at Module.load (node:internal/modules/cjs/loader:1313:32)
    at Function._load (node:internal/modules/cjs/loader:1123:12)
    at TracingChannel.traceSync (node:diagnostics_channel:322:14)
    at wrapModuleLoad (node:internal/modules/cjs/loader:217:24)
    at Module.require (node:internal/modules/cjs/loader:1335:12)
    at require (node:internal/modules/helpers:136:16)
    at Object.<anonymous> (/home/ubuntu/Ophrus-immo/routes/userRoutes.js:13:24)
2025-06-29 11:30:29 [ERROR] Error: write EIO
    at afterWriteDispatched (node:internal/stream_base_commons:159:15)
    at writeGeneric (node:internal/stream_base_commons:150:3)
    at Socket._writeGeneric (node:net:971:11)
    at Socket._write (node:net:983:8)
    at writeOrBuffer (node:internal/streams/writable:572:12)
    at _write (node:internal/streams/writable:501:10)
    at Writable.write (node:internal/streams/writable:510:10)
    at Console.log (/home/ubuntu/Ophrus-immo/node_modules/winston/lib/winston/transports/console.js:87:23)
    at Console._write (/home/ubuntu/Ophrus-immo/node_modules/winston-transport/modern.js:103:17)
    at doWrite (/home/ubuntu/Ophrus-immo/node_modules/readable-stream/lib/_stream_writable.js:390:139)
2025-06-29 11:30:29 [ERROR] Error: write EIO
    at afterWriteDispatched (node:internal/stream_base_commons:159:15)
    at writeGeneric (node:internal/stream_base_commons:150:3)
    at Socket._writeGeneric (node:net:971:11)
    at Socket._write (node:net:983:8)
    at writeOrBuffer (node:internal/streams/writable:572:12)
    at _write (node:internal/streams/writable:501:10)
    at Writable.write (node:internal/streams/writable:510:10)
    at Console.log (/home/ubuntu/Ophrus-immo/node_modules/winston/lib/winston/transports/console.js:87:23)
    at Console._write (/home/ubuntu/Ophrus-immo/node_modules/winston-transport/modern.js:103:17)
    at doWrite (/home/ubuntu/Ophrus-immo/node_modules/readable-stream/lib/_stream_writable.js:390:139)
2025-06-29 11:30:29 [ERROR] Error: write EIO
    at afterWriteDispatched (node:internal/stream_base_commons:159:15)
    at writeGeneric (node:internal/stream_base_commons:150:3)
    at Socket._writeGeneric (node:net:971:11)
    at Socket._write (node:net:983:8)
    at writeOrBuffer (node:internal/streams/writable:572:12)
    at _write (node:internal/streams/writable:501:10)
    at Writable.write (node:internal/streams/writable:510:10)
    at Console.log (/home/ubuntu/Ophrus-immo/node_modules/winston/lib/winston/transports/console.js:87:23)
    at Console._write (/home/ubuntu/Ophrus-immo/node_modules/winston-transport/modern.js:103:17)
    at doWrite (/home/ubuntu/Ophrus-immo/node_modules/readable-stream/lib/_stream_writable.js:390:139)
2025-06-29 11:30:30 [ERROR] Error: write EIO
    at afterWriteDispatched (node:internal/stream_base_commons:159:15)
    at writeGeneric (node:internal/stream_base_commons:150:3)
    at Socket._writeGeneric (node:net:971:11)
    at Socket._write (node:net:983:8)
    at writeOrBuffer (node:internal/streams/writable:572:12)
    at _write (node:internal/streams/writable:501:10)
    at Writable.write (node:internal/streams/writable:510:10)
    at Console.log (/home/ubuntu/Ophrus-immo/node_modules/winston/lib/winston/transports/console.js:87:23)
    at Console._write (/home/ubuntu/Ophrus-immo/node_modules/winston-transport/modern.js:103:17)
    at doWrite (/home/ubuntu/Ophrus-immo/node_modules/readable-stream/lib/_stream_writable.js:390:139)
2025-06-29 11:30:36 [ERROR] Error: write EIO
    at afterWriteDispatched (node:internal/stream_base_commons:159:15)
    at writeGeneric (node:internal/stream_base_commons:150:3)
    at Socket._writeGeneric (node:net:971:11)
    at Socket._write (node:net:983:8)
    at writeOrBuffer (node:internal/streams/writable:572:12)
    at _write (node:internal/streams/writable:501:10)
    at Writable.write (node:internal/streams/writable:510:10)
    at Console.log (/home/ubuntu/Ophrus-immo/node_modules/winston/lib/winston/transports/console.js:87:23)
    at Console._write (/home/ubuntu/Ophrus-immo/node_modules/winston-transport/modern.js:103:17)
    at doWrite (/home/ubuntu/Ophrus-immo/node_modules/readable-stream/lib/_stream_writable.js:390:139)
2025-06-29 11:30:36 [ERROR] Error: write EIO
    at afterWriteDispatched (node:internal/stream_base_commons:159:15)
    at writeGeneric (node:internal/stream_base_commons:150:3)
    at Socket._writeGeneric (node:net:971:11)
    at Socket._write (node:net:983:8)
    at writeOrBuffer (node:internal/streams/writable:572:12)
    at _write (node:internal/streams/writable:501:10)
    at Writable.write (node:internal/streams/writable:510:10)
    at Console.log (/home/ubuntu/Ophrus-immo/node_modules/winston/lib/winston/transports/console.js:87:23)
    at Console._write (/home/ubuntu/Ophrus-immo/node_modules/winston-transport/modern.js:103:17)
    at doWrite (/home/ubuntu/Ophrus-immo/node_modules/readable-stream/lib/_stream_writable.js:390:139)
